<?xml version="1.0" encoding="UTF-8"?>
<testsuite name="ru.uniyar.handlers.ThemesListHandlerTest" tests="1" skipped="0" failures="0" errors="0" timestamp="2023-12-13T19:41:23" hostname="LAPTOP-IP9JR0UG" time="0.006">
  <properties/>
  <testcase name="Should return OK status" classname="ru.uniyar.handlers.ThemesListHandlerTest" time="0.006"/>
  <system-out><![CDATA[]]></system-out>
  <system-err><![CDATA[]]></system-err>
</testsuite>
