<?xml version="1.0" encoding="UTF-8"?>
<testsuite name="ru.uniyar.handlers.MessageListHandlerTest" tests="3" skipped="0" failures="0" errors="0" timestamp="2023-12-13T19:41:22" hostname="LAPTOP-IP9JR0UG" time="0.023">
  <properties/>
  <testcase name="Should return OK status" classname="ru.uniyar.handlers.MessageListHandlerTest" time="0.01"/>
  <testcase name="invalid theme - should return BAD_REQUEST status" classname="ru.uniyar.handlers.MessageListHandlerTest" time="0.003"/>
  <testcase name="null theme - should return BAD_REQUEST status" classname="ru.uniyar.handlers.MessageListHandlerTest" time="0.004"/>
  <system-out><![CDATA[]]></system-out>
  <system-err><![CDATA[]]></system-err>
</testsuite>
